<?xml version="1.0" encoding="UTF-8"?>
<!-- Generated by org.testng.reporters.JUnitReportReporter -->
<testsuite hostname="LAPTOP-452BIAO3" failures="0" tests="1" name="testCases.Test5" time="21.500" errors="0" timestamp="2021-05-07T16:30:06 IST" skipped="0">
  <testcase classname="testCases.Test5" name="test" time="21.500"/>
  <system-out/>
</testsuite> <!-- testCases.Test5 -->
