<?xml version="1.0" encoding="UTF-8"?>
<!-- Generated by org.testng.reporters.JUnitReportReporter -->
<testsuite hostname="LAPTOP-452BIAO3" failures="0" tests="1" name="testCases.Test3" time="5.871" errors="0" timestamp="2021-05-05T17:45:28 IST" skipped="0">
  <testcase classname="testCases.Test3" name="test3" time="5.871"/>
  <system-out/>
</testsuite> <!-- testCases.Test3 -->
