<?xml version="1.0" encoding="UTF-8"?>
<!-- Generated by org.testng.reporters.JUnitReportReporter -->
<testsuite hostname="LAPTOP-452BIAO3" failures="0" tests="1" name="testCases.Test2" time="26.634" errors="0" timestamp="2021-05-05T17:49:16 IST" skipped="0">
  <testcase classname="testCases.Test2" name="test2" time="26.634"/>
  <system-out/>
</testsuite> <!-- testCases.Test2 -->
